Arguments: 
  /usr/local/Cellar/node/11.2.0/bin/node /usr/local/Cellar/yarn/1.12.3/libexec/bin/yarn.js add babel-core bable-plugin-syntax-dynamic-import babel-plugin-transform-object-rest-spread babel-preset-env babel-preset-latest babel-preset-react --dev

PATH: 
  /usr/local/bin:/usr/bin:/bin:/usr/sbin:/sbin:/usr/local/git/bin:'yarn global bin'

Yarn version: 
  1.12.3

Node version: 
  8.12.0

Platform: 
  darwin x64

Trace: 
  Error: https://registry.npmjs.org/bable-plugin-syntax-dynamic-import: Not found
      at Request.params.callback [as _callback] (/usr/local/Cellar/yarn/1.12.3/libexec/lib/cli.js:65894:18)
      at Request.self.callback (/usr/local/Cellar/yarn/1.12.3/libexec/lib/cli.js:129018:22)
      at emitTwo (events.js:126:13)
      at Request.emit (events.js:214:7)
      at Request.<anonymous> (/usr/local/Cellar/yarn/1.12.3/libexec/lib/cli.js:129990:10)
      at emitOne (events.js:116:13)
      at Request.emit (events.js:211:7)
      at IncomingMessage.<anonymous> (/usr/local/Cellar/yarn/1.12.3/libexec/lib/cli.js:129912:12)
      at Object.onceWrapper (events.js:313:30)
      at emitNone (events.js:111:20)

npm manifest: 
  {
    "name": "single-spa-poc",
    "version": "1.0.0",
    "description": "Single page application using React applications to transfer data from app one to app two.",
    "main": "index.js",
    "author": "Kayla Springer",
    "license": "UNLICENSED",
    "private": false,
    "dependencies": {
      "single-spa": "^4.0.1"
    }
  }

yarn manifest: 
  No manifest

Lockfile: 
  # THIS IS AN AUTOGENERATED FILE. DO NOT EDIT THIS FILE DIRECTLY.
  # yarn lockfile v1
  
  
  single-spa@^4.0.1:
    version "4.0.1"
    resolved "https://registry.npmjs.org/single-spa/-/single-spa-4.0.1.tgz#48fcb91b772588d502e2e87d51ac027520b58575"
    integrity sha1-SPy5G3cliNUC4uh9UawCdSC1hXU=
